<?xml version="1.0" encoding="UTF-8"?>
<robot generator="Robot 6.0.1 (Python 3.10.6 on win32)" generated="20221111 10:47:32.108" rpa="false" schemaversion="3">
<suite id="s1" name="Example-Settings" source="C:\Users\ryanh\Desktop\FDM training material\robot framework\004-Keywords\example-settings.robot">
<test id="s1-t1" name="Create an Invoice" line="5">
<kw name="Comment" library="BuiltIn">
<arg>This is my first RobotFramework test case!</arg>
<doc>Displays the given messages in the log file as keyword arguments.</doc>
<status status="PASS" starttime="20221111 10:47:32.276" endtime="20221111 10:47:32.276"/>
</kw>
<kw name="My Keywords">
<kw name="Log To Console" library="BuiltIn">
<arg>This is a keyword I created</arg>
<doc>Logs the given message to the console.</doc>
<status status="PASS" starttime="20221111 10:47:32.276" endtime="20221111 10:47:32.276"/>
</kw>
<status status="PASS" starttime="20221111 10:47:32.276" endtime="20221111 10:47:32.277"/>
</kw>
<kw name="Open Browser" library="SeleniumLibrary">
<arg>http://inv.beaufortfairmont.com/</arg>
<arg>chrome</arg>
<doc>Opens a new browser instance to the optional ``url``.</doc>
<msg timestamp="20221111 10:47:32.277" level="INFO">Opening browser 'chrome' to base url 'http://inv.beaufortfairmont.com/'.</msg>
<status status="PASS" starttime="20221111 10:47:32.277" endtime="20221111 10:47:34.271"/>
</kw>
<status status="PASS" starttime="20221111 10:47:32.275" endtime="20221111 10:47:34.272"/>
</test>
<status status="PASS" starttime="20221111 10:47:32.109" endtime="20221111 10:47:34.273"/>
</suite>
<statistics>
<total>
<stat pass="1" fail="0" skip="0">All Tests</stat>
</total>
<tag>
</tag>
<suite>
<stat pass="1" fail="0" skip="0" id="s1" name="Example-Settings">Example-Settings</stat>
</suite>
</statistics>
<errors>
</errors>
</robot>
