<?xml version="1.0" encoding="UTF-8"?>
<robot generator="Robot 6.0.1 (Python 3.10.6 on win32)" generated="20221111 14:14:07.753" rpa="false" schemaversion="3">
<suite id="s1" name="Keyword-Basics" source="C:\Users\ryanh\Desktop\FDM training material\robot framework\007-BasicsOfKeywords\keyword-basics.robot">
<test id="s1-t1" name="Check invoice manager page" line="6">
<kw name="Comment" library="BuiltIn">
<arg>We're learning how to create a custom keyword.</arg>
<doc>Displays the given messages in the log file as keyword arguments.</doc>
<status status="PASS" starttime="20221111 14:14:07.919" endtime="20221111 14:14:07.919"/>
</kw>
<kw name="Open Browser" library="SeleniumLibrary">
<arg>http://inv.beaufortfairmont.com/</arg>
<arg>chrome</arg>
<doc>Opens a new browser instance to the optional ``url``.</doc>
<msg timestamp="20221111 14:14:07.920" level="INFO">Opening browser 'chrome' to base url 'http://inv.beaufortfairmont.com/'.</msg>
<status status="PASS" starttime="20221111 14:14:07.920" endtime="20221111 14:14:09.813"/>
</kw>
<kw name="Page Should Contain" library="SeleniumLibrary">
<arg>Invoice Manager</arg>
<doc>Verifies that current page contains ``text``.</doc>
<msg timestamp="20221111 14:14:09.830" level="INFO">Current page contains text 'Invoice Manager'.</msg>
<status status="PASS" starttime="20221111 14:14:09.814" endtime="20221111 14:14:09.831"/>
</kw>
<kw name="Navigate to Home page">
<kw name="Go To" library="SeleniumLibrary">
<arg>http://google.com</arg>
<doc>Navigates the current browser window to the provided ``url``.</doc>
<msg timestamp="20221111 14:14:09.832" level="INFO">Opening url 'http://google.com'</msg>
<status status="PASS" starttime="20221111 14:14:09.831" endtime="20221111 14:14:10.486"/>
</kw>
<status status="PASS" starttime="20221111 14:14:09.831" endtime="20221111 14:14:10.486"/>
</kw>
<status status="PASS" starttime="20221111 14:14:07.919" endtime="20221111 14:14:10.487"/>
</test>
<test id="s1-t2" name="Check I can create my own return value test case" line="12">
<kw name="Subtraction">
<var>${afterDeduct}</var>
<arg>9</arg>
<arg>7</arg>
<kw name="Evaluate" library="BuiltIn">
<var>${result}</var>
<arg>${valueToBeDeducted} - ${deductingValue}</arg>
<doc>Evaluates the given expression in Python and returns the result.</doc>
<msg timestamp="20221111 14:14:10.489" level="INFO">${result} = 2</msg>
<status status="PASS" starttime="20221111 14:14:10.488" endtime="20221111 14:14:10.489"/>
</kw>
<return>
<value>${result}</value>
<status status="PASS" starttime="20221111 14:14:10.489" endtime="20221111 14:14:10.489"/>
</return>
<msg timestamp="20221111 14:14:10.489" level="INFO">${afterDeduct} = 2</msg>
<status status="PASS" starttime="20221111 14:14:10.488" endtime="20221111 14:14:10.489"/>
</kw>
<kw name="Comment" library="BuiltIn">
<arg>I got the number ${afterDeduct}</arg>
<doc>Displays the given messages in the log file as keyword arguments.</doc>
<status status="PASS" starttime="20221111 14:14:10.489" endtime="20221111 14:14:10.489"/>
</kw>
<status status="PASS" starttime="20221111 14:14:10.488" endtime="20221111 14:14:10.490"/>
</test>
<test id="s1-t3" name="My Test Case" line="16">
<kw name="Set Variable" library="BuiltIn">
<var>${nickName}</var>
<arg>Paul</arg>
<doc>Returns the given values which can then be assigned to a variables.</doc>
<msg timestamp="20221111 14:14:10.491" level="INFO">${nickName} = Paul</msg>
<status status="PASS" starttime="20221111 14:14:10.490" endtime="20221111 14:14:10.491"/>
</kw>
<kw name="Print Profile">
<arg>${nickName}</arg>
<arg>Merrill</arg>
<arg>Trainer</arg>
<arg>dpaulmerrill</arg>
<kw name="Log To Console" library="BuiltIn">
<arg>\n__Profile__</arg>
<doc>Logs the given message to the console.</doc>
<status status="PASS" starttime="20221111 14:14:10.491" endtime="20221111 14:14:10.491"/>
</kw>
<kw name="Log To Console" library="BuiltIn">
<arg>First Name: "${firstName}"</arg>
<doc>Logs the given message to the console.</doc>
<status status="PASS" starttime="20221111 14:14:10.491" endtime="20221111 14:14:10.492"/>
</kw>
<kw name="Log To Console" library="BuiltIn">
<arg>Last Name: "${lastName}"</arg>
<doc>Logs the given message to the console.</doc>
<status status="PASS" starttime="20221111 14:14:10.492" endtime="20221111 14:14:10.492"/>
</kw>
<kw name="Log To Console" library="BuiltIn">
<arg>Title: "${title}"</arg>
<doc>Logs the given message to the console.</doc>
<status status="PASS" starttime="20221111 14:14:10.492" endtime="20221111 14:14:10.492"/>
</kw>
<kw name="Log To Console" library="BuiltIn">
<arg>Twitter Handle: "${twitterHandle}"</arg>
<doc>Logs the given message to the console.</doc>
<status status="PASS" starttime="20221111 14:14:10.492" endtime="20221111 14:14:10.492"/>
</kw>
<status status="PASS" starttime="20221111 14:14:10.491" endtime="20221111 14:14:10.493"/>
</kw>
<kw name="Change Nickname">
<var>${nickName}</var>
<arg>${nickName}</arg>
<arg>Davie</arg>
<return>
<value>${new}</value>
<status status="PASS" starttime="20221111 14:14:10.493" endtime="20221111 14:14:10.493"/>
</return>
<msg timestamp="20221111 14:14:10.493" level="INFO">${nickName} = Davie</msg>
<status status="PASS" starttime="20221111 14:14:10.493" endtime="20221111 14:14:10.493"/>
</kw>
<kw name="Print Profile">
<arg>${nickName}</arg>
<arg>Merrill</arg>
<arg>Trainer</arg>
<arg>dpaulmerrill</arg>
<kw name="Log To Console" library="BuiltIn">
<arg>\n__Profile__</arg>
<doc>Logs the given message to the console.</doc>
<status status="PASS" starttime="20221111 14:14:10.493" endtime="20221111 14:14:10.494"/>
</kw>
<kw name="Log To Console" library="BuiltIn">
<arg>First Name: "${firstName}"</arg>
<doc>Logs the given message to the console.</doc>
<status status="PASS" starttime="20221111 14:14:10.494" endtime="20221111 14:14:10.494"/>
</kw>
<kw name="Log To Console" library="BuiltIn">
<arg>Last Name: "${lastName}"</arg>
<doc>Logs the given message to the console.</doc>
<status status="PASS" starttime="20221111 14:14:10.494" endtime="20221111 14:14:10.495"/>
</kw>
<kw name="Log To Console" library="BuiltIn">
<arg>Title: "${title}"</arg>
<doc>Logs the given message to the console.</doc>
<status status="PASS" starttime="20221111 14:14:10.495" endtime="20221111 14:14:10.495"/>
</kw>
<kw name="Log To Console" library="BuiltIn">
<arg>Twitter Handle: "${twitterHandle}"</arg>
<doc>Logs the given message to the console.</doc>
<status status="PASS" starttime="20221111 14:14:10.495" endtime="20221111 14:14:10.495"/>
</kw>
<status status="PASS" starttime="20221111 14:14:10.493" endtime="20221111 14:14:10.495"/>
</kw>
<status status="PASS" starttime="20221111 14:14:10.490" endtime="20221111 14:14:10.496"/>
</test>
<status status="PASS" starttime="20221111 14:14:07.754" endtime="20221111 14:14:10.496"/>
</suite>
<statistics>
<total>
<stat pass="3" fail="0" skip="0">All Tests</stat>
</total>
<tag>
</tag>
<suite>
<stat pass="3" fail="0" skip="0" id="s1" name="Keyword-Basics">Keyword-Basics</stat>
</suite>
</statistics>
<errors>
</errors>
</robot>
